<?xml version="1.0" encoding="UTF-8"?>
<testng-results ignored="0" total="1" passed="1" failed="0" skipped="0">
  <reporter-output>
  </reporter-output>
  <suite started-at="2022-03-27T09:54:22Z" name="Default suite" finished-at="2022-03-27T09:54:35Z" duration-ms="13719">
    <groups>
    </groups>
    <test started-at="2022-03-27T09:54:22Z" name="Default test" finished-at="2022-03-27T09:54:35Z" duration-ms="13719">
      <class name="RealTimePRactice.JavaScriptScrolling">
        <test-method signature="scrollTable()[pri:0, instance:RealTimePRactice.JavaScriptScrolling@4a34e9f]" started-at="2022-03-27T09:54:22Z" name="scrollTable" finished-at="2022-03-27T09:54:35Z" duration-ms="13482" status="PASS">
          <reporter-output>
          </reporter-output>
        </test-method> <!-- scrollTable -->
      </class> <!-- RealTimePRactice.JavaScriptScrolling -->
    </test> <!-- Default test -->
  </suite> <!-- Default suite -->
</testng-results>
