<?xml version="1.0" encoding="UTF-8"?>
<testng-results ignored="0" total="1" passed="1" failed="0" skipped="0">
  <reporter-output>
  </reporter-output>
  <suite started-at="2022-03-27T06:22:37Z" name="Default suite" finished-at="2022-03-27T06:22:48Z" duration-ms="11610">
    <groups>
    </groups>
    <test started-at="2022-03-27T06:22:37Z" name="Default test" finished-at="2022-03-27T06:22:48Z" duration-ms="11610">
      <class name="RealTimePRactice.JavaScriptScrolling">
        <test-method signature="scrollTable()[pri:0, instance:RealTimePRactice.JavaScriptScrolling@23382f76]" started-at="2022-03-27T06:22:37Z" name="scrollTable" finished-at="2022-03-27T06:22:48Z" duration-ms="11493" status="PASS">
          <reporter-output>
          </reporter-output>
        </test-method> <!-- scrollTable -->
      </class> <!-- RealTimePRactice.JavaScriptScrolling -->
    </test> <!-- Default test -->
  </suite> <!-- Default suite -->
</testng-results>
